OP6630ada9 Python 3.10.11 (C:\Program Files (x86)\Thonny\python.exe)
OP6630ada9 >>> 
WO6630adb5 
WI6630adb6 
OP6630add1 Compilation error: Access of array prox.horizontal out of bounds: accessing index 7 while array is of size 7
OP6630aeb7 %Run Bug_TheTransporter.py
OP6630aeb8 Traceback (most recent call last):
OP6630aeb8   
OP6630aeb8 File "C:\Users\pv33apm\Documents\Debugging-Tasks\Exercise 4 - The transporter\Bug_TheTransporter.py", line 7, in <module>
OP6630aeb8     @onevent
OP6630aeb8 NameError: name 'onevent' is not defined
OP6630aeb8 >>> 
RN6630aeb8 
OP6630aeb8 %Run Bug_TheTransporter.py
OP6630aeb8 Traceback (most recent call last):
OP6630aeb8   
OP6630aeb8 File "C:\Users\pv33apm\Documents\Debugging-Tasks\Exercise 4 - The transporter\Bug_TheTransporter.py", line 7, in <module>
OP6630aeb8     @onevent
OP6630aeb8 NameError: name 'onevent' is not defined
OP6630aeb8 >>> 
RN6630aeb8 
OP6630af3c Compilation error: Access of array prox.horizontal out of bounds: accessing index 7 while array is of size 7
